<?xml version="1.0" encoding="UTF-8"?>
<testsuite name="org.example.servertest.ServerTestApplicationTests" tests="1" skipped="0" failures="0" errors="0" timestamp="2025-03-19T09:50:10.363Z" hostname="MacBook-Air-Eddy.local" time="0.413">
  <properties/>
  <testcase name="contextLoads()" classname="org.example.servertest.ServerTestApplicationTests" time="0.413"/>
  <system-out><![CDATA[18:50:08.851 [Test worker] INFO org.springframework.test.context.support.AnnotationConfigContextLoaderUtils -- Could not detect default configuration classes for test class [org.example.servertest.ServerTestApplicationTests]: ServerTestApplicationTests does not declare any static, non-private, non-final, nested classes annotated with @Configuration.
18:50:08.908 [Test worker] INFO org.springframework.boot.test.context.SpringBootTestContextBootstrapper -- Found @SpringBootConfiguration org.example.servertest.ServerTestApplication for test class org.example.servertest.ServerTestApplicationTests

  .   ____          _            __ _ _
 /\\ / ___'_ __ _ _(_)_ __  __ _ \ \ \ \
( ( )\___ | '_ | '_| | '_ \/ _` | \ \ \ \
 \\/  ___)| |_)| | | | | || (_| |  ) ) ) )
  '  |____| .__|_| |_|_| |_\__, | / / / /
 =========|_|==============|___/=/_/_/_/

 :: Spring Boot ::                (v3.4.3)

2025-03-19T18:50:09.075+09:00  INFO 77381 --- [    Test worker] o.e.s.ServerTestApplicationTests         : Starting ServerTestApplicationTests using Java 21 with PID 77381 (started by eddy in /Users/eddy/workspace/server-test)
2025-03-19T18:50:09.076+09:00  INFO 77381 --- [    Test worker] o.e.s.ServerTestApplicationTests         : No active profile set, falling back to 1 default profile: "default"
2025-03-19T18:50:09.323+09:00  INFO 77381 --- [    Test worker] .s.d.r.c.RepositoryConfigurationDelegate : Multiple Spring Data modules found, entering strict repository configuration mode
2025-03-19T18:50:09.323+09:00  INFO 77381 --- [    Test worker] .s.d.r.c.RepositoryConfigurationDelegate : Bootstrapping Spring Data JDBC repositories in DEFAULT mode.
2025-03-19T18:50:09.331+09:00  INFO 77381 --- [    Test worker] .s.d.r.c.RepositoryConfigurationDelegate : Finished Spring Data repository scanning in 5 ms. Found 0 JDBC repository interfaces.
2025-03-19T18:50:09.336+09:00  INFO 77381 --- [    Test worker] .s.d.r.c.RepositoryConfigurationDelegate : Multiple Spring Data modules found, entering strict repository configuration mode
2025-03-19T18:50:09.337+09:00  INFO 77381 --- [    Test worker] .s.d.r.c.RepositoryConfigurationDelegate : Bootstrapping Spring Data JPA repositories in DEFAULT mode.
2025-03-19T18:50:09.339+09:00  INFO 77381 --- [    Test worker] .s.d.r.c.RepositoryConfigurationDelegate : Finished Spring Data repository scanning in 0 ms. Found 0 JPA repository interfaces.
2025-03-19T18:50:09.496+09:00  INFO 77381 --- [    Test worker] com.zaxxer.hikari.HikariDataSource       : HikariPool-1 - Starting...
2025-03-19T18:50:09.687+09:00  INFO 77381 --- [    Test worker] com.zaxxer.hikari.pool.HikariPool        : HikariPool-1 - Added connection com.mysql.cj.jdbc.ConnectionImpl@19705650
2025-03-19T18:50:09.688+09:00  INFO 77381 --- [    Test worker] com.zaxxer.hikari.HikariDataSource       : HikariPool-1 - Start completed.
2025-03-19T18:50:09.714+09:00  INFO 77381 --- [    Test worker] o.hibernate.jpa.internal.util.LogHelper  : HHH000204: Processing PersistenceUnitInfo [name: default]
2025-03-19T18:50:09.734+09:00  INFO 77381 --- [    Test worker] org.hibernate.Version                    : HHH000412: Hibernate ORM core version 6.6.8.Final
2025-03-19T18:50:09.747+09:00  INFO 77381 --- [    Test worker] o.h.c.internal.RegionFactoryInitiator    : HHH000026: Second-level cache disabled
2025-03-19T18:50:09.864+09:00  INFO 77381 --- [    Test worker] o.s.o.j.p.SpringPersistenceUnitInfo      : No LoadTimeWeaver setup: ignoring JPA class transformer
2025-03-19T18:50:09.911+09:00  INFO 77381 --- [    Test worker] org.hibernate.orm.connections.pooling    : HHH10001005: Database info:
	Database JDBC URL [Connecting through datasource 'HikariDataSource (HikariPool-1)']
	Database driver: undefined/unknown
	Database version: 9.2
	Autocommit mode: undefined/unknown
	Isolation level: undefined/unknown
	Minimum pool size: undefined/unknown
	Maximum pool size: undefined/unknown
2025-03-19T18:50:10.053+09:00  INFO 77381 --- [    Test worker] o.h.e.t.j.p.i.JtaPlatformInitiator       : HHH000489: No JTA platform available (set 'hibernate.transaction.jta.platform' to enable JTA platform integration)
2025-03-19T18:50:10.055+09:00  INFO 77381 --- [    Test worker] j.LocalContainerEntityManagerFactoryBean : Initialized JPA EntityManagerFactory for persistence unit 'default'
2025-03-19T18:50:10.127+09:00  WARN 77381 --- [    Test worker] JpaBaseConfiguration$JpaWebConfiguration : spring.jpa.open-in-view is enabled by default. Therefore, database queries may be performed during view rendering. Explicitly configure spring.jpa.open-in-view to disable this warning
2025-03-19T18:50:10.357+09:00  INFO 77381 --- [    Test worker] o.e.s.ServerTestApplicationTests         : Started ServerTestApplicationTests in 1.383 seconds (process running for 1.916)
]]></system-out>
  <system-err><![CDATA[Mockito is currently self-attaching to enable the inline-mock-maker. This will no longer work in future releases of the JDK. Please add Mockito as an agent to your build what is described in Mockito's documentation: https://javadoc.io/doc/org.mockito/mockito-core/latest/org/mockito/Mockito.html#0.3
WARNING: A Java agent has been loaded dynamically (/Users/eddy/.gradle/caches/modules-2/files-2.1/net.bytebuddy/byte-buddy-agent/1.15.11/a38b16385e867f59a641330f0362ebe742788ed8/byte-buddy-agent-1.15.11.jar)
WARNING: If a serviceability tool is in use, please run with -XX:+EnableDynamicAgentLoading to hide this warning
WARNING: If a serviceability tool is not in use, please run with -Djdk.instrument.traceUsage for more information
WARNING: Dynamic loading of agents will be disallowed by default in a future release
]]></system-err>
</testsuite>
